<?xml version="1.0" encoding="UTF-8"?>
<!-- Generated by org.testng.reporters.JUnitXMLReporter -->
<testsuite hostname="WSW-N022" failures="0" tests="2" name="All tests for com.mycompany_task1_jar_1.0-SNAPSHOT" time="4.231" errors="0" timestamp="1 Mar 2021 23:18:09 GMT">
  <testcase classname="GitHubScenarious" name="scenario1_createNewRepository" time="3.02"/>
  <testcase classname="GitHubScenarious" name="scenatio4" time="0.421"/>
</testsuite> <!-- All tests for com.mycompany_task1_jar_1.0-SNAPSHOT -->
